[2023-08-28 20:23:33] Текст ошибки: Технические шоколадки
          | Строка: 13
=================
[2023-08-28 20:23:33] Текст ошибки: Технические шоколадки
          | Строка: 13
=================
[2023-08-28 20:23:49] Текст ошибки: Технические шоколадки
          | Строка: 13
=================
[2023-08-28 20:24:23] Текст ошибки: Технические шоколадки
          | Строка: 13
=================
[2023-08-28 20:24:24] Текст ошибки: Технические шоколадки
          | Строка: 13
=================
[2023-08-28 20:24:24] Текст ошибки: Технические шоколадки
          | Строка: 13
=================
[2023-08-28 20:24:24] Текст ошибки: Технические шоколадки
          | Строка: 13
=================
[2023-08-28 20:24:28] Текст ошибки: Технические шоколадки
          | Строка: 13
=================
[2023-08-28 20:24:48] Текст ошибки: Технические шоколадки
          | Строка: 13
=================
[2023-08-28 20:25:39] Текст ошибки: Технические шоколадки
          | Строка: 13
=================
[2023-08-28 20:25:39] Текст ошибки: Технические шоколадки
          | Строка: 13
=================
[2023-08-28 20:25:39] Текст ошибки: Технические шоколадки
          | Строка: 13
=================
[2023-08-28 20:25:40] Текст ошибки: Технические шоколадки
          | Строка: 13
=================
[2023-08-28 20:28:39] Текст ошибки: Технические шоколадки
          | Строка: 13
=================
[2023-08-28 20:28:39] Текст ошибки: Технические шоколадки
          | Строка: 13
=================
[2023-08-28 20:28:40] Текст ошибки: Технические шоколадки
          | Строка: 13
=================
[2023-08-28 20:28:40] Текст ошибки: Технические шоколадки
          | Строка: 13
=================
[2023-08-28 20:28:45] Текст ошибки: Технические шоколадки
          | Строка: 13
=================
[2023-08-28 20:28:45] Текст ошибки: Технические шоколадки
          | Строка: 13
=================
[2023-08-28 20:28:45] Текст ошибки: Технические шоколадки
          | Строка: 13
=================
[2023-08-28 20:28:45] Текст ошибки: Технические шоколадки
          | Строка: 13
=================
[2023-08-28 20:28:46] Текст ошибки: Технические шоколадки
          | Строка: 13
=================
[2023-08-28 20:28:46] Текст ошибки: Технические шоколадки
          | Строка: 13
=================
[2023-08-28 20:28:53] Текст ошибки: Технические шоколадки
          | Строка: 13
=================
[2023-08-28 20:28:58] Текст ошибки: Технические шоколадки
          | Строка: 13
=================
[2023-08-28 20:28:58] Текст ошибки: Технические шоколадки
          | Строка: 13
=================
[2023-08-28 20:30:01] Текст ошибки: Технические шоколадки
          | Строка: 13
=================
[2023-08-28 20:30:01] Текст ошибки: Технические шоколадки
          | Строка: 13
=================
[2023-08-28 20:30:06] Текст ошибки: Технические шоколадки
          | Строка: 13
=================
[2023-08-28 20:30:06] Текст ошибки: Технические шоколадки
          | Строка: 13
=================
[2023-08-28 20:31:17] Текст ошибки: Технические шоколадки
          | Строка: 13
=================
[2023-08-28 20:31:21] Текст ошибки: Технические шоколадки
          | Строка: 13
=================
[2023-08-28 20:31:21] Текст ошибки: Технические шоколадки
          | Строка: 13
=================
[2023-08-28 20:32:34] Текст ошибки: Технические шоколадки
          | Строка: 13
=================
[2023-08-28 20:32:34] Текст ошибки: Технические шоколадки
          | Строка: 13
=================
[2023-08-28 20:32:34] Текст ошибки: Технические шоколадки
          | Строка: 13
=================
[2023-08-28 20:32:34] Текст ошибки: Технические шоколадки
          | Строка: 13
=================
[2023-08-28 20:32:34] Текст ошибки: Технические шоколадки
          | Строка: 13
=================
[2023-08-28 20:32:34] Текст ошибки: Технические шоколадки
          | Строка: 13
=================
[2023-08-28 20:32:43] Текст ошибки: Технические шоколадки
          | Строка: 13
=================
[2023-08-28 20:32:43] Текст ошибки: Технические шоколадки
          | Строка: 13
=================
[2023-08-28 20:33:00] Текст ошибки: Технические шоколадки
          | Строка: 13
=================
[2023-08-28 21:39:18] Текст ошибки: Технические шоколадки
          | Строка: 15
=================
[2023-08-28 23:06:43] Текст ошибки: Undefined variable $matches
          | Строка: 39
=================
[2023-08-28 23:26:32] Текст ошибки: Undefined array key "admin_prefix"
          | Строка: 31
=================
[2023-08-28 23:39:18] Текст ошибки: Контроллер app\controllers\MainController не найден
          | Строка: 42
=================
[2023-08-28 23:40:32] Текст ошибки: Метод app\controllers\MainController::indexAction не найден
          | Строка: 39
=================
[2023-08-28 23:40:54] Текст ошибки: Undefined property: app\controllers\MainController::$indexAction
          | Строка: 37
=================
[2023-08-28 23:41:17] Текст ошибки: Undefined property: app\controllers\MainController::$indexAction
          | Строка: 37
=================
[2023-08-28 23:41:53] Текст ошибки: Undefined property: app\controllers\MainController::$indexAction
          | Строка: 38
=================
[2023-08-28 23:44:03] Текст ошибки: Контроллер app\controllers\admin\MainController не найден
          | Строка: 42
=================
[2023-08-29 00:26:25] Текст ошибки: Страница не найдена
          | Строка: 47
=================
[2023-08-29 00:48:57] Текст ошибки: Страница не найдена
          | Строка: 69
=================
[2023-08-29 00:49:34] Текст ошибки: Страница не найдена
          | Строка: 69
=================
[2023-08-29 00:52:41] Текст ошибки: Страница не найдена
          | Строка: 69
=================
[2023-08-29 00:53:05] Текст ошибки: Страница не найдена
          | Строка: 69
=================
[2023-08-29 00:53:06] Текст ошибки: Страница не найдена
          | Строка: 69
=================
[2023-08-29 01:29:28] Текст ошибки: wfm\Controller::getModel(): Return value must be of type string, none returned
          | Строка: 43
=================
[2023-08-29 12:31:52] Текст ошибки: Call to undefined method app\controllers\admin\MainController::getView()
          | Строка: 68
=================
[2023-08-29 12:32:47] Текст ошибки: Call to undefined method app\controllers\admin\MainController::getView()
          | Строка: 68
=================
[2023-08-29 12:33:06] Текст ошибки: Call to undefined method app\controllers\admin\MainController::getView()
          | Строка: 68
=================
[2023-08-29 12:33:24] Текст ошибки: Call to undefined method app\controllers\admin\MainController::getView()
          | Строка: 68
=================
[2023-08-29 12:34:08] Текст ошибки: Call to undefined method app\controllers\admin\MainController::getView()
          | Строка: 68
=================
[2023-08-29 12:34:56] Текст ошибки: Call to undefined method app\controllers\admin\MainController::getView()
          | Строка: 69
=================
[2023-08-29 12:35:23] Текст ошибки: Call to undefined method app\controllers\admin\MainController::getView()
          | Строка: 68
=================
[2023-08-29 12:36:32] Текст ошибки: Call to undefined method app\controllers\admin\MainController::getView()
          | Строка: 68
=================
[2023-08-29 12:36:33] Текст ошибки: Call to undefined method app\controllers\admin\MainController::getView()
          | Строка: 68
=================
[2023-08-29 12:36:33] Текст ошибки: Call to undefined method app\controllers\admin\MainController::getView()
          | Строка: 68
=================
[2023-08-29 12:36:46] Текст ошибки: Call to undefined method app\controllers\admin\MainController::getView()
          | Строка: 68
=================
[2023-08-29 12:37:50] Текст ошибки: Undefined property: app\controllers\admin\MainController::$view
          | Строка: 68
=================
[2023-08-29 12:53:38] Текст ошибки: Не найден вид C:\OSPanel\domains\MyNewFramework/app/views/admin/Main/index.php
          | Строка: 39
=================
[2023-08-29 12:53:49] Текст ошибки: Не найден вид C:\OSPanel\domains\MyNewFramework/app/views/admin/Main/index.php
          | Строка: 39
=================
[2023-08-29 13:00:21] Текст ошибки: Не найден шаблон C:\OSPanel\domains\MyNewFramework/app/views/layouts/mynewframework.php
          | Строка: 49
=================
[2023-08-29 13:00:37] Текст ошибки: Не найден шаблон C:\OSPanel\domains\MyNewFramework/app/views/layouts/mynewframework.php
          | Строка: 49
=================
[2023-08-29 13:01:10] Текст ошибки: Не найден шаблон C:\OSPanel\domains\MyNewFramework/app/views/layouts/test.php
          | Строка: 49
=================
[2023-08-29 13:01:21] Текст ошибки: Не найден шаблон C:\OSPanel\domains\MyNewFramework/app/views/layouts/mynewframework.php
          | Строка: 49
=================
[2023-08-29 15:56:23] Текст ошибки: Страница не найдена
          | Строка: 79
=================
[2023-08-29 16:09:49] Текст ошибки: Class "R" not found
          | Строка: 13
=================
[2023-08-29 16:11:36] Текст ошибки: Class "R" not found
          | Строка: 13
=================
[2023-08-29 16:11:50] Текст ошибки: Class "R" not found
          | Строка: 13
=================
[2023-08-29 16:14:35] Текст ошибки: Class "R" not found
          | Строка: 13
=================
[2023-08-29 16:17:19] Текст ошибки: Class "RedBeanPHP\Facade" not found
          | Строка: 13
=================
[2023-08-29 16:17:59] Текст ошибки: Class "RedBeanPHP\Facade" not found
          | Строка: 13
=================
[2023-08-29 16:22:20] Текст ошибки: Class "R" not found
          | Строка: 13
=================
[2023-08-29 16:24:26] Текст ошибки: Class "R" not found
          | Строка: 13
=================
[2023-08-29 16:25:26] Текст ошибки: Class "R" not found
          | Строка: 13
=================
[2023-08-29 16:26:14] Текст ошибки: Class "R" not found
          | Строка: 13
=================
[2023-08-29 16:26:50] Текст ошибки: Class "R" not found
          | Строка: 13
=================
[2023-08-29 16:26:57] Текст ошибки: Class "R" not found
          | Строка: 13
=================
[2023-08-29 16:27:57] Текст ошибки: Class "R" not found
          | Строка: 13
=================
[2023-08-29 16:33:02] Текст ошибки: Class "R" not found
          | Строка: 13
=================
[2023-08-29 16:33:03] Текст ошибки: Class "R" not found
          | Строка: 13
=================
[2023-08-29 16:34:37] Текст ошибки: Class "R" not found
          | Строка: 13
=================
[2023-08-29 16:36:15] Текст ошибки: Undefined variable $test
          | Строка: 2
=================
[2023-08-29 21:36:11] Текст ошибки: Страница не найдена
          | Строка: 81
=================
[2023-08-29 21:36:11] Текст ошибки: Страница не найдена
          | Строка: 81
=================
[2023-08-29 21:36:11] Текст ошибки: Страница не найдена
          | Строка: 81
=================
[2023-08-29 21:36:11] Текст ошибки: Страница не найдена
          | Строка: 81
=================
[2023-08-29 21:36:11] Текст ошибки: Страница не найдена
          | Строка: 81
=================
[2023-08-29 21:36:11] Текст ошибки: Страница не найдена
          | Строка: 81
=================
[2023-08-29 21:36:11] Текст ошибки: Страница не найдена
          | Строка: 81
=================
[2023-08-29 21:36:11] Текст ошибки: Страница не найдена
          | Строка: 81
=================
[2023-08-29 21:36:11] Текст ошибки: Страница не найдена
          | Строка: 81
=================
[2023-08-29 21:36:11] Текст ошибки: Страница не найдена
          | Строка: 81
=================
[2023-08-29 21:36:11] Текст ошибки: Страница не найдена
          | Строка: 81
=================
[2023-08-29 21:36:11] Текст ошибки: Страница не найдена
          | Строка: 81
=================
[2023-08-29 21:36:11] Текст ошибки: Страница не найдена
          | Строка: 81
=================
[2023-08-29 21:37:54] Текст ошибки: Страница не найдена
          | Строка: 81
=================
[2023-08-29 21:37:54] Текст ошибки: Страница не найдена
          | Строка: 81
=================
[2023-08-29 21:37:54] Текст ошибки: Страница не найдена
          | Строка: 81
=================
[2023-08-29 21:37:54] Текст ошибки: Страница не найдена
          | Строка: 81
=================
[2023-08-29 21:37:54] Текст ошибки: Страница не найдена
          | Строка: 81
=================
[2023-08-29 21:37:54] Текст ошибки: Страница не найдена
          | Строка: 81
=================
[2023-08-29 21:37:54] Текст ошибки: Страница не найдена
          | Строка: 81
=================
[2023-08-29 21:37:54] Текст ошибки: Страница не найдена
          | Строка: 81
=================
[2023-08-29 21:37:54] Текст ошибки: Страница не найдена
          | Строка: 81
=================
[2023-08-29 21:37:54] Текст ошибки: Страница не найдена
          | Строка: 81
=================
[2023-08-29 21:37:54] Текст ошибки: Страница не найдена
          | Строка: 81
=================
[2023-08-29 21:37:54] Текст ошибки: Страница не найдена
          | Строка: 81
=================
[2023-08-29 21:37:54] Текст ошибки: Страница не найдена
          | Строка: 81
=================
[2023-08-29 21:37:54] Текст ошибки: Страница не найдена
          | Строка: 81
=================
[2023-08-29 21:39:10] Текст ошибки: Страница не найдена
          | Строка: 81
=================
[2023-08-29 21:39:10] Текст ошибки: Страница не найдена
          | Строка: 81
=================
[2023-08-29 21:39:10] Текст ошибки: Страница не найдена
          | Строка: 81
=================
[2023-08-29 21:39:10] Текст ошибки: Страница не найдена
          | Строка: 81
=================
[2023-08-29 21:39:10] Текст ошибки: Страница не найдена
          | Строка: 81
=================
[2023-08-29 21:39:10] Текст ошибки: Страница не найдена
          | Строка: 81
=================
[2023-08-29 21:39:10] Текст ошибки: Страница не найдена
          | Строка: 81
=================
[2023-08-29 21:39:10] Текст ошибки: Страница не найдена
          | Строка: 81
=================
[2023-08-29 21:39:10] Текст ошибки: Страница не найдена
          | Строка: 81
=================
[2023-08-29 21:39:10] Текст ошибки: Страница не найдена
          | Строка: 81
=================
[2023-08-29 21:39:10] Текст ошибки: Страница не найдена
          | Строка: 81
=================
[2023-08-29 21:39:10] Текст ошибки: Страница не найдена
          | Строка: 81
=================
[2023-08-29 21:39:10] Текст ошибки: Страница не найдена
          | Строка: 81
=================
[2023-08-29 21:41:53] Текст ошибки: Страница не найдена
          | Строка: 81
=================
[2023-08-29 21:41:53] Текст ошибки: Страница не найдена
          | Строка: 81
=================
[2023-08-29 21:41:53] Текст ошибки: Страница не найдена
          | Строка: 81
=================
[2023-08-29 21:41:53] Текст ошибки: Страница не найдена
          | Строка: 81
=================
[2023-08-29 21:41:53] Текст ошибки: Страница не найдена
          | Строка: 81
=================
[2023-08-29 21:41:53] Текст ошибки: Страница не найдена
          | Строка: 81
=================
[2023-08-29 21:41:53] Текст ошибки: Страница не найдена
          | Строка: 81
=================
[2023-08-29 21:41:53] Текст ошибки: Страница не найдена
          | Строка: 81
=================
[2023-08-29 21:41:53] Текст ошибки: Страница не найдена
          | Строка: 81
=================
[2023-08-29 21:41:53] Текст ошибки: Страница не найдена
          | Строка: 81
=================
[2023-08-29 21:41:53] Текст ошибки: Страница не найдена
          | Строка: 81
=================
[2023-08-29 21:41:53] Текст ошибки: Страница не найдена
          | Строка: 81
=================
[2023-08-29 21:42:59] Текст ошибки: Страница не найдена
          | Строка: 81
=================
[2023-08-29 21:42:59] Текст ошибки: Страница не найдена
          | Строка: 81
=================
[2023-08-29 21:42:59] Текст ошибки: Страница не найдена
          | Строка: 81
=================
[2023-08-29 21:42:59] Текст ошибки: Страница не найдена
          | Строка: 81
=================
[2023-08-29 21:42:59] Текст ошибки: Страница не найдена
          | Строка: 81
=================
[2023-08-29 21:42:59] Текст ошибки: Страница не найдена
          | Строка: 81
=================
[2023-08-29 21:42:59] Текст ошибки: Страница не найдена
          | Строка: 81
=================
[2023-08-29 21:42:59] Текст ошибки: Страница не найдена
          | Строка: 81
=================
[2023-08-29 21:47:26] Текст ошибки: Страница не найдена
          | Строка: 81
=================
[2023-08-29 21:48:25] Текст ошибки: Страница не найдена
          | Строка: 81
=================
[2023-08-29 21:54:32] Текст ошибки: Страница не найдена
          | Строка: 81
=================
[2023-08-29 22:47:14] Текст ошибки: Страница не найдена
          | Строка: 81
=================
[2023-08-30 01:25:29] Текст ошибки: SQLSTATE[42000]: Syntax error or access violation: 1064 You have an error in your SQL syntax; check the manual that corresponds to your MySQL server version for the right syntax to use near '1' at line 3
          | Строка: 206
=================
[2023-08-30 01:37:46] Текст ошибки: Страница не найдена
          | Строка: 81
=================
[2023-08-30 01:39:45] Текст ошибки: syntax error, unexpected token "as", expecting ")"
          | Строка: 48
=================
[2023-08-30 02:10:33] Текст ошибки: Undefined variable $products
          | Строка: 6
=================
[2023-08-30 02:10:53] Текст ошибки: Undefined variable $products
          | Строка: 6
=================
